<?xml version="1.0" encoding="UTF-8"?>
<testng-results skipped="0" failed="1" ignored="0" total="2" passed="1">
  <reporter-output>
  </reporter-output>
  <suite name="Suite" duration-ms="26238" started-at="2017-09-16T11:12:05Z" finished-at="2017-09-16T11:12:32Z">
    <groups>
    </groups>
    <test name="Test2" duration-ms="13752" started-at="2017-09-16T11:12:05Z" finished-at="2017-09-16T11:12:19Z">
      <class name="offline_Testing_Pro.Offline_Web_App">
        <test-method status="PASS" signature="browser(java.lang.String)[pri:0, instance:offline_Testing_Pro.Offline_Web_App@d2cc05a]" name="browser" is-config="true" duration-ms="8722" started-at="2017-09-16T16:42:05Z" finished-at="2017-09-16T16:42:14Z">
          <params>
            <param index="0">
              <value>
                <![CDATA[explorer]]>
              </value>
            </param>
          </params>
          <reporter-output>
          </reporter-output>
        </test-method> <!-- browser -->
        <test-method status="FAIL" signature="f()[pri:0, instance:offline_Testing_Pro.Offline_Web_App@d2cc05a]" name="f" duration-ms="5" started-at="2017-09-16T16:42:14Z" finished-at="2017-09-16T16:42:14Z">
          <exception class="java.lang.NullPointerException">
            <full-stacktrace>
              <![CDATA[java.lang.NullPointerException
	at offline_Testing_Pro.Offline_Web_App.f(Offline_Web_App.java:65)
	at sun.reflect.NativeMethodAccessorImpl.invoke0(Native Method)
	at sun.reflect.NativeMethodAccessorImpl.invoke(Unknown Source)
	at sun.reflect.DelegatingMethodAccessorImpl.invoke(Unknown Source)
	at java.lang.reflect.Method.invoke(Unknown Source)
	at org.testng.internal.MethodInvocationHelper.invokeMethod(MethodInvocationHelper.java:108)
	at org.testng.internal.Invoker.invokeMethod(Invoker.java:669)
	at org.testng.internal.Invoker.invokeTestMethod(Invoker.java:877)
	at org.testng.internal.Invoker.invokeTestMethods(Invoker.java:1201)
	at org.testng.internal.TestMethodWorker.invokeTestMethods(TestMethodWorker.java:125)
	at org.testng.internal.TestMethodWorker.run(TestMethodWorker.java:109)
	at org.testng.TestRunner.privateRun(TestRunner.java:776)
	at org.testng.TestRunner.run(TestRunner.java:634)
	at org.testng.SuiteRunner.runTest(SuiteRunner.java:425)
	at org.testng.SuiteRunner.access$000(SuiteRunner.java:40)
	at org.testng.SuiteRunner$SuiteWorker.run(SuiteRunner.java:459)
	at org.testng.internal.thread.ThreadUtil$1.call(ThreadUtil.java:52)
	at java.util.concurrent.FutureTask.run(Unknown Source)
	at java.util.concurrent.ThreadPoolExecutor.runWorker(Unknown Source)
	at java.util.concurrent.ThreadPoolExecutor$Worker.run(Unknown Source)
	at java.lang.Thread.run(Unknown Source)
]]>
            </full-stacktrace>
          </exception> <!-- java.lang.NullPointerException -->
          <reporter-output>
          </reporter-output>
        </test-method> <!-- f -->
        <test-method status="FAIL" signature="afterClass()[pri:0, instance:offline_Testing_Pro.Offline_Web_App@d2cc05a]" name="afterClass" is-config="true" duration-ms="5002" started-at="2017-09-16T16:42:14Z" finished-at="2017-09-16T16:42:19Z">
          <exception class="java.lang.NullPointerException">
            <full-stacktrace>
              <![CDATA[java.lang.NullPointerException
	at offline_Testing_Pro.Offline_Web_App.afterClass(Offline_Web_App.java:110)
	at sun.reflect.NativeMethodAccessorImpl.invoke0(Native Method)
	at sun.reflect.NativeMethodAccessorImpl.invoke(Unknown Source)
	at sun.reflect.DelegatingMethodAccessorImpl.invoke(Unknown Source)
	at java.lang.reflect.Method.invoke(Unknown Source)
	at org.testng.internal.MethodInvocationHelper.invokeMethod(MethodInvocationHelper.java:108)
	at org.testng.internal.Invoker.invokeConfigurationMethod(Invoker.java:523)
	at org.testng.internal.Invoker.invokeConfigurations(Invoker.java:224)
	at org.testng.internal.Invoker.invokeConfigurations(Invoker.java:146)
	at org.testng.TestRunner.afterRun(TestRunner.java:1007)
	at org.testng.TestRunner.run(TestRunner.java:638)
	at org.testng.SuiteRunner.runTest(SuiteRunner.java:425)
	at org.testng.SuiteRunner.access$000(SuiteRunner.java:40)
	at org.testng.SuiteRunner$SuiteWorker.run(SuiteRunner.java:459)
	at org.testng.internal.thread.ThreadUtil$1.call(ThreadUtil.java:52)
	at java.util.concurrent.FutureTask.run(Unknown Source)
	at java.util.concurrent.ThreadPoolExecutor.runWorker(Unknown Source)
	at java.util.concurrent.ThreadPoolExecutor$Worker.run(Unknown Source)
	at java.lang.Thread.run(Unknown Source)
]]>
            </full-stacktrace>
          </exception> <!-- java.lang.NullPointerException -->
          <reporter-output>
          </reporter-output>
        </test-method> <!-- afterClass -->
      </class> <!-- offline_Testing_Pro.Offline_Web_App -->
    </test> <!-- Test2 -->
    <test name="Test1" duration-ms="26238" started-at="2017-09-16T11:12:05Z" finished-at="2017-09-16T11:12:32Z">
      <class name="offline_Testing_Pro.Offline_Web_App">
        <test-method status="PASS" signature="browser(java.lang.String)[pri:0, instance:offline_Testing_Pro.Offline_Web_App@5ae9a829]" name="browser" is-config="true" duration-ms="6667" started-at="2017-09-16T16:42:05Z" finished-at="2017-09-16T16:42:12Z">
          <params>
            <param index="0">
              <value>
                <![CDATA[chrome]]>
              </value>
            </param>
          </params>
          <reporter-output>
          </reporter-output>
        </test-method> <!-- browser -->
        <test-method status="PASS" signature="f()[pri:0, instance:offline_Testing_Pro.Offline_Web_App@5ae9a829]" name="f" duration-ms="13318" started-at="2017-09-16T16:42:12Z" finished-at="2017-09-16T16:42:25Z">
          <reporter-output>
          </reporter-output>
        </test-method> <!-- f -->
        <test-method status="PASS" signature="afterClass()[pri:0, instance:offline_Testing_Pro.Offline_Web_App@5ae9a829]" name="afterClass" is-config="true" duration-ms="6223" started-at="2017-09-16T16:42:25Z" finished-at="2017-09-16T16:42:32Z">
          <reporter-output>
          </reporter-output>
        </test-method> <!-- afterClass -->
      </class> <!-- offline_Testing_Pro.Offline_Web_App -->
    </test> <!-- Test1 -->
  </suite> <!-- Suite -->
</testng-results>
